root - INFO - Add skipped
root - INFO - Scraping started
root - INFO - Page source extracted
root - INFO - Getting page source from: AYP to: LIM, Staying: 2023-07-20 to 2023-07-23
root - INFO - Prices and dates extracted
root - INFO - Date column converted
root - INFO - Dataframe structured
root - INFO - Dataframe saved
root - INFO - Add skipped
root - INFO - Scraping started
root - INFO - Page source extracted
root - INFO - Getting page source from: AQP to: LIM, Staying: 2023-07-20 to 2023-07-23
root - INFO - Prices and dates extracted
root - INFO - Date column converted
root - INFO - Dataframe structured
root - INFO - Dataframe saved
root - INFO - Add skipped
root - INFO - Scraping started
root - INFO - Page source extracted
root - INFO - Getting page source from: CUZ to: LIM, Staying: 2023-07-20 to 2023-07-23
root - INFO - Prices and dates extracted
root - INFO - Date column converted
root - INFO - Dataframe structured
root - INFO - Dataframe saved
root - INFO - Add skipped
root - INFO - Scraping started
root - INFO - Page source extracted
root - INFO - Getting page source from: IQT to: LIM, Staying: 2023-07-20 to 2023-07-23
root - INFO - Prices and dates extracted
root - INFO - Date column converted
root - INFO - Dataframe structured
root - INFO - Dataframe saved
root - INFO - Add skipped
root - INFO - Scraping started
root - INFO - Page source extracted
root - INFO - Getting page source from: JUL to: LIM, Staying: 2023-07-20 to 2023-07-23
root - INFO - Prices and dates extracted
root - INFO - Date column converted
root - INFO - Dataframe structured
root - INFO - Dataframe saved
root - INFO - Add skipped
root - INFO - Scraping started
root - INFO - Page source extracted
root - INFO - Getting page source from: PCL to: LIM, Staying: 2023-07-20 to 2023-07-23
root - INFO - Prices and dates extracted
root - INFO - Date column converted
root - INFO - Dataframe structured
root - INFO - Dataframe saved
root - INFO - Add skipped
root - INFO - Scraping started
root - INFO - Page source extracted
root - INFO - Getting page source from: PIU to: LIM, Staying: 2023-07-20 to 2023-07-23
root - INFO - Prices and dates extracted
root - INFO - Date column converted
root - INFO - Dataframe structured
root - INFO - Dataframe saved
root - INFO - Add skipped
root - INFO - Scraping started
root - INFO - Page source extracted
root - INFO - Getting page source from: TBP to: LIM, Staying: 2023-07-20 to 2023-07-23
root - INFO - Prices and dates extracted
root - INFO - Date column converted
root - INFO - Dataframe structured
root - INFO - Dataframe saved
root - INFO - Add skipped
root - INFO - Scraping started
root - INFO - Page source extracted
root - INFO - Getting page source from: TPP to: LIM, Staying: 2023-07-20 to 2023-07-23
root - INFO - Prices and dates extracted
root - INFO - Date column converted
root - INFO - Dataframe structured
root - INFO - Dataframe saved
root - INFO - Add skipped
root - INFO - Scraping started
root - INFO - Page source extracted
root - INFO - Getting page source from: TRU to: LIM, Staying: 2023-07-20 to 2023-07-23
root - INFO - Prices and dates extracted
root - INFO - Date column converted
root - INFO - Dataframe structured
root - INFO - Dataframe saved
root - INFO - Add skipped
root - INFO - Scraping started
root - INFO - Page source extracted
root - INFO - Getting page source from: TYL to: LIM, Staying: 2023-07-20 to 2023-07-23
root - INFO - Prices and dates extracted
root - INFO - Date column converted
root - INFO - Dataframe structured
root - INFO - Dataframe saved
root - INFO - Add skipped
root - INFO - Scraping started
root - INFO - Page source extracted
root - INFO - Getting page source from: JAU to: LIM, Staying: 2023-07-20 to 2023-07-23
root - INFO - Prices and dates extracted
root - INFO - Date column converted
root - INFO - Dataframe structured
root - INFO - Dataframe saved
root - INFO - Add skipped
root - INFO - Scraping started
root - INFO - Page source extracted
root - INFO - Getting page source from: TCQ to: LIM, Staying: 2023-07-20 to 2023-07-23
root - INFO - Prices and dates extracted
root - INFO - Date column converted
root - INFO - Dataframe structured
root - INFO - Dataframe saved
root - INFO - Add skipped
root - INFO - Scraping started
root - INFO - Page source extracted
root - INFO - Getting page source from: CJA to: LIM, Staying: 2023-07-20 to 2023-07-23
root - INFO - Prices and dates extracted
root - INFO - Date column converted
root - INFO - Dataframe structured
root - INFO - Dataframe saved
root - INFO - Add skipped
root - INFO - Scraping started
root - INFO - Page source extracted
root - INFO - Getting page source from: CIX to: LIM, Staying: 2023-07-20 to 2023-07-23
root - INFO - Prices and dates extracted
root - INFO - Date column converted
root - INFO - Dataframe structured
root - INFO - Dataframe saved
